<?xml version="1.0" encoding="UTF-8"?>
<!-- Generated by org.testng.reporters.JUnitXMLReporter -->
<testsuite ignored="2" hostname="DESKTOP-O7KQ12V" failures="0" tests="5" name="Car Loan" time="0.252" errors="0" timestamp="2023-03-07T10:15:51 IST">
  <testcase classname="Loan.Day3" name="WebCarLoan" time="0.016"/>
  <testcase classname="Loan.Day3" name="CarLoan2" time="0.01"/>
  <testcase classname="Loan.Day3" name="CarLoan2" time="0.01"/>
  <testcase classname="Loan.Day3" name="CarLoan2" time="0.003"/>
  <testcase classname="Loan.Day3" name="apiCarLoan" time="0.005"/>
  <testcase classname="Loan.Day3" name="mobileCarLoan1" time="0.0">
    <ignored/>
  </testcase> <!-- mobileCarLoan1 -->
  <testcase classname="Loan.Day3" name="mobileCarLoan" time="0.0">
    <ignored/>
  </testcase> <!-- mobileCarLoan -->
</testsuite> <!-- Car Loan -->
