<?xml version="1.0" encoding="UTF-8"?>
<!-- Generated by org.testng.reporters.JUnitXMLReporter -->
<testsuite ignored="1" hostname="DESKTOP-O7KQ12V" failures="1" tests="5" name="Personal Loan" time="0.183" errors="0" timestamp="2023-03-07T10:15:51 IST">
  <testcase classname="Loan.Day2" name="demo3" time="0.034"/>
  <testcase classname="Loan.Day1" name="demo1" time="0.007"/>
  <testcase classname="Loan.Day4" name="WebHomeLoan" time="0.004"/>
  <testcase classname="Loan.Day4" name="apiHomeLoan" time="0.015">
    <failure type="java.lang.AssertionError" message="expected [true] but found [false]">
      <![CDATA[java.lang.AssertionError: expected [true] but found [false]
at Loan.Day4.apiHomeLoan(Day4.java:18)
at java.base/java.util.ArrayList.forEach(ArrayList.java:1511)
at java.base/java.util.concurrent.FutureTask.run(FutureTask.java:264)
at java.base/java.util.concurrent.ThreadPoolExecutor.runWorker(ThreadPoolExecutor.java:1136)
at java.base/java.util.concurrent.ThreadPoolExecutor$Worker.run(ThreadPoolExecutor.java:635)
at java.base/java.lang.Thread.run(Thread.java:833)
... Removed 22 stack frames]]>
    </failure>
  </testcase> <!-- apiHomeLoan -->
  <testcase classname="Loan.Day4" name="mobileHomeLoan" time="0.001"/>
  <testcase classname="Loan.Day1" name="demo2" time="0.0">
    <ignored/>
  </testcase> <!-- demo2 -->
</testsuite> <!-- Personal Loan -->
