<?xml version="1.0" encoding="UTF-8"?>
<!-- Generated by org.testng.reporters.JUnitXMLReporter -->
<testsuite ignored="8" hostname="DESKTOP-O7KQ12V" failures="0" tests="3" name="Regression" time="0.09" errors="0" timestamp="2023-03-06T14:54:45 IST">
  <testcase classname="Loan.Day2" name="demo3" time="0.013"/>
  <testcase classname="Loan.Day3" name="mobileCarLoan" time="0.002"/>
  <testcase classname="Loan.Day4" name="mobileHomeLoan" time="0.003"/>
  <testcase classname="Loan.Day1" name="demo1" time="0.0">
    <ignored/>
  </testcase> <!-- demo1 -->
  <testcase classname="Loan.Day3" name="apiCarLoan" time="0.0">
    <ignored/>
  </testcase> <!-- apiCarLoan -->
  <testcase classname="Loan.Day3" name="WebCarLoan" time="0.0">
    <ignored/>
  </testcase> <!-- WebCarLoan -->
  <testcase classname="Loan.Day4" name="apiHomeLoan" time="0.0">
    <ignored/>
  </testcase> <!-- apiHomeLoan -->
  <testcase classname="Loan.Day1" name="demo2" time="0.0">
    <ignored/>
  </testcase> <!-- demo2 -->
  <testcase classname="Loan.Day3" name="mobileCarLoan2" time="0.0">
    <ignored/>
  </testcase> <!-- mobileCarLoan2 -->
  <testcase classname="Loan.Day4" name="WebHomeLoan" time="0.0">
    <ignored/>
  </testcase> <!-- WebHomeLoan -->
  <testcase classname="Loan.Day3" name="mobileCarLoan1" time="0.0">
    <ignored/>
  </testcase> <!-- mobileCarLoan1 -->
</testsuite> <!-- Regression -->
