<?xml version="1.0" encoding="UTF-8"?>
<testng-results ignored="3" total="13" passed="9" failed="1" skipped="0">
  <reporter-output>
  </reporter-output>
  <suite started-at="2023-03-07T10:15:51 IST" name="Loan Dept" finished-at="2023-03-07T10:15:51 IST" duration-ms="252">
    <groups>
      <group name="Smoke">
        <method signature="Day2.demo3()[pri:0, instance:Loan.Day2@4e096385]" name="demo3" class="Loan.Day2"/>
        <method signature="Day4.mobileHomeLoan()[pri:0, instance:Loan.Day4@6c130c45]" name="mobileHomeLoan" class="Loan.Day4"/>
      </group> <!-- Smoke -->
    </groups>
    <test started-at="2023-03-07T10:15:51 IST" name="Car Loan" finished-at="2023-03-07T10:15:51 IST" duration-ms="252">
      <class name="Loan.Day3">
        <test-method is-config="true" signature="bsuite()[pri:0, instance:Loan.Day3@4fb3ee4e]" started-at="2023-03-07T10:15:51 IST" name="bsuite" finished-at="2023-03-07T10:15:51 IST" duration-ms="13" status="PASS">
          <reporter-output>
          </reporter-output>
        </test-method> <!-- bsuite -->
        <test-method is-config="true" signature="bclass()[pri:0, instance:Loan.Day3@4fb3ee4e]" started-at="2023-03-07T10:15:51 IST" name="bclass" finished-at="2023-03-07T10:15:51 IST" duration-ms="4" status="PASS">
          <reporter-output>
          </reporter-output>
        </test-method> <!-- bclass -->
        <test-method is-config="true" signature="bmethod()[pri:0, instance:Loan.Day3@4fb3ee4e]" started-at="2023-03-07T10:15:51 IST" name="bmethod" finished-at="2023-03-07T10:15:51 IST" duration-ms="0" status="PASS">
          <reporter-output>
          </reporter-output>
        </test-method> <!-- bmethod -->
        <test-method signature="WebCarLoan(java.lang.String,java.lang.String)[pri:0, instance:Loan.Day3@4fb3ee4e]" started-at="2023-03-07T10:15:51 IST" name="WebCarLoan" finished-at="2023-03-07T10:15:51 IST" duration-ms="16" status="PASS">
          <params>
            <param index="0">
              <value>
                <![CDATA[carLoan.com]]>
              </value>
            </param>
            <param index="1">
              <value>
                <![CDATA[123456]]>
              </value>
            </param>
          </params>
          <reporter-output>
          </reporter-output>
        </test-method> <!-- WebCarLoan -->
        <test-method is-config="true" signature="amethod()[pri:0, instance:Loan.Day3@4fb3ee4e]" started-at="2023-03-07T10:15:51 IST" name="amethod" finished-at="2023-03-07T10:15:51 IST" duration-ms="18" status="PASS">
          <reporter-output>
          </reporter-output>
        </test-method> <!-- amethod -->
        <test-method is-config="true" signature="bmethod()[pri:0, instance:Loan.Day3@4fb3ee4e]" started-at="2023-03-07T10:15:51 IST" name="bmethod" finished-at="2023-03-07T10:15:51 IST" duration-ms="1" status="PASS">
          <reporter-output>
          </reporter-output>
        </test-method> <!-- bmethod -->
        <test-method signature="CarLoan2(java.lang.String,java.lang.String)[pri:0, instance:Loan.Day3@4fb3ee4e]" started-at="2023-03-07T10:15:51 IST" name="CarLoan2" data-provider="getData" finished-at="2023-03-07T10:15:51 IST" duration-ms="10" status="PASS">
          <params>
            <param index="0">
              <value>
                <![CDATA[username]]>
              </value>
            </param>
            <param index="1">
              <value>
                <![CDATA[pasword]]>
              </value>
            </param>
          </params>
          <reporter-output>
          </reporter-output>
        </test-method> <!-- CarLoan2 -->
        <test-method is-config="true" signature="amethod()[pri:0, instance:Loan.Day3@4fb3ee4e]" started-at="2023-03-07T10:15:51 IST" name="amethod" finished-at="2023-03-07T10:15:51 IST" duration-ms="33" status="PASS">
          <reporter-output>
          </reporter-output>
        </test-method> <!-- amethod -->
        <test-method is-config="true" signature="bmethod()[pri:0, instance:Loan.Day3@4fb3ee4e]" started-at="2023-03-07T10:15:51 IST" name="bmethod" finished-at="2023-03-07T10:15:51 IST" duration-ms="1" status="PASS">
          <reporter-output>
          </reporter-output>
        </test-method> <!-- bmethod -->
        <test-method signature="CarLoan2(java.lang.String,java.lang.String)[pri:0, instance:Loan.Day3@4fb3ee4e]" started-at="2023-03-07T10:15:51 IST" name="CarLoan2" data-provider="getData" finished-at="2023-03-07T10:15:51 IST" duration-ms="10" status="PASS">
          <params>
            <param index="0">
              <value>
                <![CDATA[secondusername]]>
              </value>
            </param>
            <param index="1">
              <value>
                <![CDATA[secondPassword]]>
              </value>
            </param>
          </params>
          <reporter-output>
          </reporter-output>
        </test-method> <!-- CarLoan2 -->
        <test-method is-config="true" signature="amethod()[pri:0, instance:Loan.Day3@4fb3ee4e]" started-at="2023-03-07T10:15:51 IST" name="amethod" finished-at="2023-03-07T10:15:51 IST" duration-ms="7" status="PASS">
          <reporter-output>
          </reporter-output>
        </test-method> <!-- amethod -->
        <test-method is-config="true" signature="bmethod()[pri:0, instance:Loan.Day3@4fb3ee4e]" started-at="2023-03-07T10:15:51 IST" name="bmethod" finished-at="2023-03-07T10:15:51 IST" duration-ms="1" status="PASS">
          <reporter-output>
          </reporter-output>
        </test-method> <!-- bmethod -->
        <test-method signature="CarLoan2(java.lang.String,java.lang.String)[pri:0, instance:Loan.Day3@4fb3ee4e]" started-at="2023-03-07T10:15:51 IST" name="CarLoan2" data-provider="getData" finished-at="2023-03-07T10:15:51 IST" duration-ms="3" status="PASS">
          <params>
            <param index="0">
              <value>
                <![CDATA[thirdUsername]]>
              </value>
            </param>
            <param index="1">
              <value>
                <![CDATA[thirdPassword]]>
              </value>
            </param>
          </params>
          <reporter-output>
          </reporter-output>
        </test-method> <!-- CarLoan2 -->
        <test-method is-config="true" signature="amethod()[pri:0, instance:Loan.Day3@4fb3ee4e]" started-at="2023-03-07T10:15:51 IST" name="amethod" finished-at="2023-03-07T10:15:51 IST" duration-ms="3" status="PASS">
          <reporter-output>
          </reporter-output>
        </test-method> <!-- amethod -->
        <test-method signature="apiCarLoan()[pri:0, instance:Loan.Day3@4fb3ee4e]" started-at="2023-03-07T10:15:51 IST" name="apiCarLoan" finished-at="2023-03-07T10:15:51 IST" depends-on-methods="Loan.Day3.WebCarLoan" duration-ms="5" status="PASS">
          <reporter-output>
          </reporter-output>
        </test-method> <!-- apiCarLoan -->
        <test-method is-config="true" signature="bmethod()[pri:0, instance:Loan.Day3@4fb3ee4e]" started-at="2023-03-07T10:15:51 IST" name="bmethod" finished-at="2023-03-07T10:15:51 IST" duration-ms="0" status="PASS">
          <reporter-output>
          </reporter-output>
        </test-method> <!-- bmethod -->
        <test-method is-config="true" signature="amethod()[pri:0, instance:Loan.Day3@4fb3ee4e]" started-at="2023-03-07T10:15:51 IST" name="amethod" finished-at="2023-03-07T10:15:51 IST" duration-ms="17" status="PASS">
          <reporter-output>
          </reporter-output>
        </test-method> <!-- amethod -->
        <test-method is-config="true" signature="aclass()[pri:0, instance:Loan.Day3@4fb3ee4e]" started-at="2023-03-07T10:15:51 IST" name="aclass" finished-at="2023-03-07T10:15:51 IST" duration-ms="1" status="PASS">
          <reporter-output>
          </reporter-output>
        </test-method> <!-- aclass -->
      </class> <!-- Loan.Day3 -->
      <class name="Loan.Day1">
        <test-method is-config="true" signature="asuite()[pri:0, instance:Loan.Day1@6a84a97d]" started-at="2023-03-07T10:15:51 IST" name="asuite" finished-at="2023-03-07T10:15:51 IST" duration-ms="0" status="PASS">
          <reporter-output>
          </reporter-output>
        </test-method> <!-- asuite -->
      </class> <!-- Loan.Day1 -->
    </test> <!-- Car Loan -->
    <test started-at="2023-03-07T10:15:51 IST" name="Personal Loan" finished-at="2023-03-07T10:15:51 IST" duration-ms="183">
      <class name="Loan.Day2">
        <test-method signature="demo3()[pri:0, instance:Loan.Day2@4e096385]" started-at="2023-03-07T10:15:51 IST" name="demo3" finished-at="2023-03-07T10:15:51 IST" duration-ms="34" status="PASS">
          <reporter-output>
          </reporter-output>
        </test-method> <!-- demo3 -->
        <test-method is-config="true" signature="lastExecution(java.lang.String)[pri:0, instance:Loan.Day2@4e096385]" started-at="2023-03-07T10:15:51 IST" name="lastExecution" finished-at="2023-03-07T10:15:51 IST" duration-ms="3" status="PASS">
          <params>
            <param index="0">
              <value>
                <![CDATA[personalloan.com]]>
              </value>
            </param>
          </params>
          <reporter-output>
          </reporter-output>
        </test-method> <!-- lastExecution -->
      </class> <!-- Loan.Day2 -->
      <class name="Loan.Day4">
        <test-method signature="WebHomeLoan()[pri:0, instance:Loan.Day4@6c130c45]" started-at="2023-03-07T10:15:51 IST" name="WebHomeLoan" finished-at="2023-03-07T10:15:51 IST" duration-ms="4" status="PASS">
          <reporter-output>
          </reporter-output>
        </test-method> <!-- WebHomeLoan -->
        <test-method signature="apiHomeLoan()[pri:0, instance:Loan.Day4@6c130c45]" started-at="2023-03-07T10:15:51 IST" name="apiHomeLoan" finished-at="2023-03-07T10:15:51 IST" duration-ms="15" status="FAIL">
          <exception class="java.lang.AssertionError">
            <message>
              <![CDATA[expected [true] but found [false]]]>
            </message>
            <full-stacktrace>
              <![CDATA[java.lang.AssertionError: expected [true] but found [false]
at org.testng.Assert.fail(Assert.java:99)
at org.testng.Assert.failNotEquals(Assert.java:1037)
at org.testng.Assert.assertTrue(Assert.java:45)
at org.testng.Assert.assertTrue(Assert.java:55)
at Loan.Day4.apiHomeLoan(Day4.java:18)
at java.base/jdk.internal.reflect.NativeMethodAccessorImpl.invoke0(Native Method)
at java.base/jdk.internal.reflect.NativeMethodAccessorImpl.invoke(NativeMethodAccessorImpl.java:77)
at java.base/jdk.internal.reflect.DelegatingMethodAccessorImpl.invoke(DelegatingMethodAccessorImpl.java:43)
at java.base/java.lang.reflect.Method.invoke(Method.java:568)
at org.testng.internal.MethodInvocationHelper.invokeMethod(MethodInvocationHelper.java:133)
at org.testng.internal.TestInvoker.invokeMethod(TestInvoker.java:598)
at org.testng.internal.TestInvoker.invokeTestMethod(TestInvoker.java:173)
at org.testng.internal.MethodRunner.runInSequence(MethodRunner.java:46)
at org.testng.internal.TestInvoker$MethodInvocationAgent.invoke(TestInvoker.java:824)
at org.testng.internal.TestInvoker.invokeTestMethods(TestInvoker.java:146)
at org.testng.internal.TestMethodWorker.invokeTestMethods(TestMethodWorker.java:146)
at org.testng.internal.TestMethodWorker.run(TestMethodWorker.java:128)
at java.base/java.util.ArrayList.forEach(ArrayList.java:1511)
at org.testng.TestRunner.privateRun(TestRunner.java:794)
at org.testng.TestRunner.run(TestRunner.java:596)
at org.testng.SuiteRunner.runTest(SuiteRunner.java:377)
at org.testng.SuiteRunner.access$000(SuiteRunner.java:28)
at org.testng.SuiteRunner$SuiteWorker.run(SuiteRunner.java:418)
at org.testng.internal.thread.ThreadUtil.lambda$execute$0(ThreadUtil.java:64)
at java.base/java.util.concurrent.FutureTask.run(FutureTask.java:264)
at java.base/java.util.concurrent.ThreadPoolExecutor.runWorker(ThreadPoolExecutor.java:1136)
at java.base/java.util.concurrent.ThreadPoolExecutor$Worker.run(ThreadPoolExecutor.java:635)
at java.base/java.lang.Thread.run(Thread.java:833)
]]>
            </full-stacktrace>
          </exception> <!-- java.lang.AssertionError -->
          <reporter-output>
          </reporter-output>
        </test-method> <!-- apiHomeLoan -->
        <test-method signature="mobileHomeLoan()[pri:0, instance:Loan.Day4@6c130c45]" started-at="2023-03-07T10:15:51 IST" name="mobileHomeLoan" finished-at="2023-03-07T10:15:51 IST" duration-ms="1" status="PASS">
          <reporter-output>
          </reporter-output>
        </test-method> <!-- mobileHomeLoan -->
      </class> <!-- Loan.Day4 -->
      <class name="Loan.Day1">
        <test-method is-config="true" signature="firstExecution()[pri:0, instance:Loan.Day1@6a84a97d]" started-at="2023-03-07T10:15:51 IST" name="firstExecution" finished-at="2023-03-07T10:15:51 IST" duration-ms="2" status="PASS">
          <reporter-output>
          </reporter-output>
        </test-method> <!-- firstExecution -->
        <test-method signature="demo1()[pri:0, instance:Loan.Day1@6a84a97d]" started-at="2023-03-07T10:15:51 IST" name="demo1" finished-at="2023-03-07T10:15:51 IST" duration-ms="7" status="PASS">
          <reporter-output>
          </reporter-output>
        </test-method> <!-- demo1 -->
      </class> <!-- Loan.Day1 -->
    </test> <!-- Personal Loan -->
  </suite> <!-- Loan Dept -->
</testng-results>
