<?xml version="1.0" encoding="UTF-8"?>
<!-- Generated by org.testng.reporters.JUnitReportReporter -->
<testsuite hostname="DESKTOP-O7KQ12V" failures="0" tests="6" name="Loan.Day3" time="0.125" errors="0" timestamp="2023-03-07T10:15:51 IST" skipped="1">
  <testcase classname="Loan.Day3" name="CarLoan2" time="0.018"/>
  <system-out/>
  <testcase classname="Loan.Day3" name="WebCarLoan" time="0.050"/>
  <system-out/>
  <testcase classname="Loan.Day3" name="apiCarLoan" time="0.009"/>
  <system-out/>
  <testcase classname="Loan.Day3" name="CarLoan2" time="0.027"/>
  <system-out/>
  <testcase classname="Loan.Day3" name="CarLoan2" time="0.021"/>
  <system-out/>
  <testcase classname="Loan.Day3" name="mobileCarLoan1">
    <skipped/>
  </testcase> <!-- mobileCarLoan1 -->
  <system-out/>
</testsuite> <!-- Loan.Day3 -->
